<?xml version="1.0" encoding="UTF-8"?>
<!-- Generated by org.testng.reporters.JUnitXMLReporter -->
<testsuite hostname="WKWIN9454823" name="Default test" tests="3" failures="0" timestamp="7 Sep 2018 09:37:10 GMT" time="0.173" errors="0">
  <testcase name="f" time="0.032" classname="com.TestNGBasics.TestNGConcepts"/>
  <testcase name="f" time="0.0" classname="com.TestNGBasics.TestNGConcepts"/>
  <testcase name="f" time="0.015" classname="com.TestNGBasics.TestNGConcepts"/>
</testsuite> <!-- Default test -->
