<?xml version="1.0" encoding="UTF-8"?>
<!-- Generated by org.testng.reporters.JUnitXMLReporter -->
<testsuite hostname="WKWIN9454823" name="SmokeTest" tests="4" failures="0" timestamp="10 Sep 2018 04:53:36 GMT" time="0.064" errors="0">
  <testcase name="test1" time="0.0" classname="com.TestNGBasics.TestNGConcepts"/>
  <testcase name="test3" time="0.0" classname="com.TestNGBasics.TestNGConcepts">
    <skipped/>
  </testcase> <!-- test3 -->
  <testcase name="test2" time="0.0" classname="com.TestNGBasics.TestNGConcepts"/>
  <testcase name="test4" time="0.0" classname="com.TestNGBasics.TestNGConcepts">
    <skipped/>
  </testcase> <!-- test4 -->
</testsuite> <!-- SmokeTest -->
