<?xml version="1.0" encoding="UTF-8"?>
<testng-results skipped="0" failed="0" total="3" passed="3">
  <reporter-output>
  </reporter-output>
  <suite name="Default suite" duration-ms="173" started-at="2018-09-07T09:37:10Z" finished-at="2018-09-07T09:37:10Z">
    <groups>
    </groups>
    <test name="Default test" duration-ms="173" started-at="2018-09-07T09:37:10Z" finished-at="2018-09-07T09:37:10Z">
      <class name="com.TestNGBasics.TestNGConcepts">
        <test-method status="PASS" signature="a()[pri:0, instance:com.TestNGBasics.TestNGConcepts@685cb137]" name="a" is-config="true" duration-ms="31" started-at="2018-09-07T15:07:10Z" finished-at="2018-09-07T15:07:10Z">
          <reporter-output>
          </reporter-output>
        </test-method> <!-- a -->
        <test-method status="PASS" signature="f()[pri:0, instance:com.TestNGBasics.TestNGConcepts@685cb137]" name="f" duration-ms="32" started-at="2018-09-07T15:07:10Z" finished-at="2018-09-07T15:07:10Z">
          <reporter-output>
          </reporter-output>
        </test-method> <!-- f -->
        <test-method status="PASS" signature="c()[pri:0, instance:com.TestNGBasics.TestNGConcepts@685cb137]" name="c" is-config="true" duration-ms="0" started-at="2018-09-07T15:07:10Z" finished-at="2018-09-07T15:07:10Z">
          <reporter-output>
          </reporter-output>
        </test-method> <!-- c -->
        <test-method status="PASS" signature="f()[pri:0, instance:com.TestNGBasics.TestNGConcepts@685cb137]" name="f" duration-ms="0" started-at="2018-09-07T15:07:10Z" finished-at="2018-09-07T15:07:10Z">
          <reporter-output>
          </reporter-output>
        </test-method> <!-- f -->
        <test-method status="PASS" signature="a()[pri:0, instance:com.TestNGBasics.TestNGConcepts@685cb137]" name="a" is-config="true" duration-ms="0" started-at="2018-09-07T15:07:10Z" finished-at="2018-09-07T15:07:10Z">
          <reporter-output>
          </reporter-output>
        </test-method> <!-- a -->
        <test-method status="PASS" signature="a()[pri:0, instance:com.TestNGBasics.TestNGConcepts@685cb137]" name="a" is-config="true" duration-ms="0" started-at="2018-09-07T15:07:10Z" finished-at="2018-09-07T15:07:10Z">
          <reporter-output>
          </reporter-output>
        </test-method> <!-- a -->
        <test-method status="PASS" signature="c()[pri:0, instance:com.TestNGBasics.TestNGConcepts@685cb137]" name="c" is-config="true" duration-ms="0" started-at="2018-09-07T15:07:10Z" finished-at="2018-09-07T15:07:10Z">
          <reporter-output>
          </reporter-output>
        </test-method> <!-- c -->
        <test-method status="PASS" signature="f()[pri:0, instance:com.TestNGBasics.TestNGConcepts@685cb137]" name="f" duration-ms="15" started-at="2018-09-07T15:07:10Z" finished-at="2018-09-07T15:07:10Z">
          <reporter-output>
          </reporter-output>
        </test-method> <!-- f -->
        <test-method status="PASS" signature="c()[pri:0, instance:com.TestNGBasics.TestNGConcepts@685cb137]" name="c" is-config="true" duration-ms="0" started-at="2018-09-07T15:07:10Z" finished-at="2018-09-07T15:07:10Z">
          <reporter-output>
          </reporter-output>
        </test-method> <!-- c -->
      </class> <!-- com.TestNGBasics.TestNGConcepts -->
    </test> <!-- Default test -->
  </suite> <!-- Default suite -->
</testng-results>
