<?xml version="1.0" encoding="UTF-8"?>
<testng-results skipped="0" failed="0" total="1" passed="1">
  <reporter-output>
  </reporter-output>
  <suite name="Default suite" duration-ms="69" started-at="2018-09-11T10:47:21Z" finished-at="2018-09-11T10:47:21Z">
    <groups>
    </groups>
    <test name="Default test" duration-ms="69" started-at="2018-09-11T10:47:21Z" finished-at="2018-09-11T10:47:21Z">
      <class name="com.framework.BasePage">
        <test-method status="PASS" signature="validateBasePage()[pri:0, instance:com.framework.BasePage@792b749c]" name="validateBasePage" duration-ms="47" started-at="2018-09-11T16:17:21Z" finished-at="2018-09-11T16:17:21Z">
          <reporter-output>
          </reporter-output>
        </test-method> <!-- validateBasePage -->
      </class> <!-- com.framework.BasePage -->
    </test> <!-- Default test -->
  </suite> <!-- Default suite -->
</testng-results>
